
Gurobi 5.6.3 (linux64) logging started Sat Jul 27 11:53:53 2019

Optimize a model with 324 rows, 729 columns and 2916 nonzeros
Presolve removed 0 rows and 81 columns
Presolve time: 0.00s

Explored 0 nodes (0 simplex iterations) in 0.01 seconds
Thread count was 1 (of 24 available processors)

Model is infeasible
Best objective -, best bound -, gap -

Gurobi 5.6.3 (linux64) logging started Sat Jul 27 11:54:33 2019

Optimize a model with 324 rows, 729 columns and 2916 nonzeros
Presolve removed 0 rows and 81 columns
Presolve time: 0.00s

Explored 0 nodes (0 simplex iterations) in 0.00 seconds
Thread count was 1 (of 24 available processors)

Model is infeasible
Best objective -, best bound -, gap -

Gurobi 5.6.3 (linux64) logging started Sat Jul 27 13:16:23 2019

Optimize a model with 324 rows, 729 columns and 2916 nonzeros
Presolve removed 0 rows and 81 columns
Presolve time: 0.00s

Explored 0 nodes (0 simplex iterations) in 0.01 seconds
Thread count was 1 (of 24 available processors)

Model is infeasible
Best objective -, best bound -, gap -

Gurobi 5.6.3 (linux64) logging started Sat Jul 27 13:21:02 2019

Optimize a model with 324 rows, 729 columns and 2916 nonzeros
Presolve removed 0 rows and 81 columns
Presolve time: 0.00s

Explored 0 nodes (0 simplex iterations) in 0.00 seconds
Thread count was 1 (of 24 available processors)

Model is infeasible
Best objective -, best bound -, gap -

Gurobi 5.6.3 (linux64) logging started Sat Jul 27 13:24:02 2019

Optimize a model with 324 rows, 729 columns and 2916 nonzeros
Presolve removed 0 rows and 34 columns
Presolve time: 0.00s

Explored 0 nodes (0 simplex iterations) in 0.00 seconds
Thread count was 1 (of 24 available processors)

Model is infeasible
Best objective -, best bound -, gap -

Gurobi 5.6.3 (linux64) logging started Sat Jul 27 13:57:33 2019

Optimize a model with 324 rows, 729 columns and 2916 nonzeros
Presolve removed 324 rows and 729 columns
Presolve time: 0.01s

Explored 0 nodes (0 simplex iterations) in 0.01 seconds
Thread count was 1 (of 24 available processors)

Optimal solution found (tolerance 1.00e-04)
Best objective 0.000000000000e+00, best bound 0.000000000000e+00, gap 0.0%

Gurobi 5.6.3 (linux64) logging started Sat Jul 27 14:52:29 2019

Optimize a model with 324 rows, 729 columns and 2916 nonzeros
Presolve removed 324 rows and 729 columns
Presolve time: 0.01s

Explored 0 nodes (0 simplex iterations) in 0.02 seconds
Thread count was 1 (of 24 available processors)

Optimal solution found (tolerance 1.00e-04)
Best objective 0.000000000000e+00, best bound 0.000000000000e+00, gap 0.0%

Gurobi 5.6.3 (linux64) logging started Sat Jul 27 14:58:51 2019

Optimize a model with 324 rows, 729 columns and 2916 nonzeros
Presolve removed 324 rows and 729 columns
Presolve time: 0.00s

Explored 0 nodes (0 simplex iterations) in 0.01 seconds
Thread count was 1 (of 24 available processors)

Optimal solution found (tolerance 1.00e-04)
Best objective 0.000000000000e+00, best bound 0.000000000000e+00, gap 0.0%

Gurobi 5.6.3 (linux64) logging started Sat Jul 27 14:58:57 2019

Optimize a model with 324 rows, 729 columns and 2916 nonzeros
Presolve removed 324 rows and 729 columns
Presolve time: 0.00s

Explored 0 nodes (0 simplex iterations) in 0.01 seconds
Thread count was 1 (of 24 available processors)

Optimal solution found (tolerance 1.00e-04)
Best objective 0.000000000000e+00, best bound 0.000000000000e+00, gap 0.0%

Gurobi 5.6.3 (linux64) logging started Sat Jul 27 15:02:45 2019

Optimize a model with 324 rows, 729 columns and 2916 nonzeros
Found heuristic solution: objective 0
Presolve time: 0.02s
Presolved: 324 rows, 729 columns, 2916 nonzeros
Variable types: 0 continuous, 729 integer (729 binary)

Explored 0 nodes (0 simplex iterations) in 0.03 seconds
Thread count was 24 (of 24 available processors)

Optimal solution found (tolerance 1.00e-04)
Best objective 0.000000000000e+00, best bound 0.000000000000e+00, gap 0.0%

Gurobi 5.6.3 (linux64) logging started Sat Jul 27 15:02:51 2019

Optimize a model with 324 rows, 729 columns and 2916 nonzeros
Found heuristic solution: objective 0
Presolve time: 0.02s
Presolved: 324 rows, 729 columns, 2916 nonzeros
Variable types: 0 continuous, 729 integer (729 binary)

Explored 0 nodes (0 simplex iterations) in 0.02 seconds
Thread count was 24 (of 24 available processors)

Optimal solution found (tolerance 1.00e-04)
Best objective 0.000000000000e+00, best bound 0.000000000000e+00, gap 0.0%

Gurobi 5.6.3 (linux64) logging started Sat Jul 27 15:02:55 2019

Optimize a model with 324 rows, 729 columns and 2916 nonzeros
Found heuristic solution: objective 0
Presolve time: 0.02s
Presolved: 324 rows, 729 columns, 2916 nonzeros
Variable types: 0 continuous, 729 integer (729 binary)

Explored 0 nodes (0 simplex iterations) in 0.02 seconds
Thread count was 24 (of 24 available processors)

Optimal solution found (tolerance 1.00e-04)
Best objective 0.000000000000e+00, best bound 0.000000000000e+00, gap 0.0%

Gurobi 5.6.3 (linux64) logging started Sat Jul 27 15:03:13 2019

Optimize a model with 324 rows, 729 columns and 2916 nonzeros
Found heuristic solution: objective 0
Presolve time: 0.02s
Presolved: 324 rows, 729 columns, 2916 nonzeros
Variable types: 0 continuous, 729 integer (729 binary)

Explored 0 nodes (0 simplex iterations) in 0.02 seconds
Thread count was 24 (of 24 available processors)

Optimal solution found (tolerance 1.00e-04)
Best objective 0.000000000000e+00, best bound 0.000000000000e+00, gap 0.0%

Gurobi 5.6.3 (linux64) logging started Sat Jul 27 15:23:03 2019

Optimize a model with 324 rows, 729 columns and 2916 nonzeros
Found heuristic solution: objective 0
Presolve time: 0.02s
Presolved: 324 rows, 729 columns, 2916 nonzeros
Variable types: 0 continuous, 729 integer (729 binary)

Explored 0 nodes (0 simplex iterations) in 0.02 seconds
Thread count was 24 (of 24 available processors)

Optimal solution found (tolerance 1.00e-04)
Best objective 0.000000000000e+00, best bound 0.000000000000e+00, gap 0.0%

Gurobi 5.6.3 (linux64) logging started Sat Jul 27 15:23:56 2019

Optimize a model with 324 rows, 729 columns and 2916 nonzeros
Found heuristic solution: objective 0
Presolve time: 0.02s
Presolved: 324 rows, 729 columns, 2916 nonzeros
Variable types: 0 continuous, 729 integer (729 binary)

Explored 0 nodes (0 simplex iterations) in 0.02 seconds
Thread count was 24 (of 24 available processors)

Optimal solution found (tolerance 1.00e-04)
Best objective 0.000000000000e+00, best bound 0.000000000000e+00, gap 0.0%

Gurobi 5.6.3 (linux64) logging started Sat Jul 27 15:24:06 2019

Optimize a model with 324 rows, 729 columns and 2916 nonzeros
Found heuristic solution: objective 0
Presolve time: 0.02s
Presolved: 324 rows, 729 columns, 2916 nonzeros
Variable types: 0 continuous, 729 integer (729 binary)

Explored 0 nodes (0 simplex iterations) in 0.02 seconds
Thread count was 24 (of 24 available processors)

Optimal solution found (tolerance 1.00e-04)
Best objective 0.000000000000e+00, best bound 0.000000000000e+00, gap 0.0%

Gurobi 5.6.3 (linux64) logging started Sat Jul 27 15:27:31 2019

Optimize a model with 324 rows, 729 columns and 2916 nonzeros
Found heuristic solution: objective 0
Presolve removed 4 rows and 29 columns
Presolve time: 0.02s
Presolved: 320 rows, 700 columns, 2800 nonzeros
Variable types: 0 continuous, 700 integer (700 binary)

Explored 0 nodes (0 simplex iterations) in 0.02 seconds
Thread count was 24 (of 24 available processors)

Optimal solution found (tolerance 1.00e-04)
Best objective 0.000000000000e+00, best bound 0.000000000000e+00, gap 0.0%

Gurobi 5.6.3 (linux64) logging started Sat Jul 27 15:28:20 2019

Optimize a model with 324 rows, 729 columns and 2916 nonzeros
Presolve removed 4 rows and 29 columns
Presolve time: 0.02s
Presolved: 320 rows, 700 columns, 2800 nonzeros
Variable types: 0 continuous, 700 integer (700 binary)
Found heuristic solution: objective 0.0000000

Explored 0 nodes (0 simplex iterations) in 0.02 seconds
Thread count was 24 (of 24 available processors)

Optimal solution found (tolerance 1.00e-04)
Best objective 0.000000000000e+00, best bound 0.000000000000e+00, gap 0.0%

Gurobi 5.6.3 (linux64) logging started Sat Jul 27 15:29:06 2019

Optimize a model with 324 rows, 729 columns and 2916 nonzeros
Presolve removed 4 rows and 29 columns
Presolve time: 0.02s
Presolved: 320 rows, 700 columns, 2800 nonzeros
Variable types: 0 continuous, 700 integer (700 binary)
Found heuristic solution: objective 0.0000000

Explored 0 nodes (0 simplex iterations) in 0.02 seconds
Thread count was 24 (of 24 available processors)

Optimal solution found (tolerance 1.00e-04)
Best objective 0.000000000000e+00, best bound 0.000000000000e+00, gap 0.0%

Gurobi 5.6.3 (linux64) logging started Sat Jul 27 23:49:53 2019


Gurobi 5.6.3 (linux64) logging started Sun Jul 28 18:35:04 2019

Optimize a model with 324 rows, 729 columns and 2916 nonzeros
Presolve removed 0 rows and 34 columns
Presolve time: 0.00s

Explored 0 nodes (0 simplex iterations) in 0.01 seconds
Thread count was 1 (of 24 available processors)

Model is infeasible
Best objective -, best bound -, gap -

Gurobi 5.6.3 (linux64) logging started Sun Jul 28 18:37:20 2019

Optimize a model with 324 rows, 729 columns and 2916 nonzeros
Presolve removed 0 rows and 34 columns
Presolve time: 0.00s

Explored 0 nodes (0 simplex iterations) in 0.00 seconds
Thread count was 1 (of 24 available processors)

Model is infeasible
Best objective -, best bound -, gap -

Gurobi 5.6.3 (linux64) logging started Sun Jul 28 18:38:23 2019

Optimize a model with 324 rows, 729 columns and 2916 nonzeros
Presolve removed 324 rows and 729 columns
Presolve time: 0.01s

Explored 0 nodes (0 simplex iterations) in 0.01 seconds
Thread count was 1 (of 24 available processors)

Optimal solution found (tolerance 1.00e-04)
Best objective 0.000000000000e+00, best bound 0.000000000000e+00, gap 0.0%

Gurobi 5.6.3 (linux64) logging started Sun Jul 28 18:38:40 2019

Optimize a model with 324 rows, 729 columns and 2916 nonzeros
Presolve removed 324 rows and 729 columns
Presolve time: 0.00s

Explored 0 nodes (0 simplex iterations) in 0.01 seconds
Thread count was 1 (of 24 available processors)

Optimal solution found (tolerance 1.00e-04)
Best objective 0.000000000000e+00, best bound 0.000000000000e+00, gap 0.0%

Gurobi 5.6.3 (linux64) logging started Sun Jul 28 18:40:07 2019

Optimize a model with 243 rows, 729 columns and 2187 nonzeros
Found heuristic solution: objective 0
Presolve removed 129 rows and 575 columns
Presolve time: 0.00s
Presolved: 114 rows, 154 columns, 500 nonzeros
Variable types: 0 continuous, 154 integer (154 binary)

Explored 0 nodes (0 simplex iterations) in 0.01 seconds
Thread count was 24 (of 24 available processors)

Optimal solution found (tolerance 1.00e-04)
Best objective 0.000000000000e+00, best bound 0.000000000000e+00, gap 0.0%

Gurobi 5.6.3 (linux64) logging started Sun Jul 28 18:40:26 2019

Optimize a model with 243 rows, 729 columns and 2187 nonzeros
Found heuristic solution: objective 0
Presolve removed 129 rows and 575 columns
Presolve time: 0.00s
Presolved: 114 rows, 154 columns, 500 nonzeros
Variable types: 0 continuous, 154 integer (154 binary)

Explored 0 nodes (0 simplex iterations) in 0.01 seconds
Thread count was 24 (of 24 available processors)

Optimal solution found (tolerance 1.00e-04)
Best objective 0.000000000000e+00, best bound 0.000000000000e+00, gap 0.0%

Gurobi 5.6.3 (linux64) logging started Sun Jul 28 18:43:28 2019


Gurobi 5.6.3 (linux64) logging started Sun Jul 28 18:45:43 2019


Gurobi 5.6.3 (linux64) logging started Sun Jul 28 19:01:35 2019

Optimize a model with 243 rows, 696 columns and 2187 nonzeros
Presolve time: 0.00s

Explored 0 nodes (0 simplex iterations) in 0.01 seconds
Thread count was 1 (of 24 available processors)

Model is infeasible
Best objective -, best bound -, gap -

Gurobi 5.6.3 (linux64) logging started Sun Jul 28 19:03:28 2019

Optimize a model with 81 rows, 696 columns and 729 nonzeros
Presolve removed 18 rows and 479 columns
Presolve time: 0.00s

Explored 0 nodes (0 simplex iterations) in 0.00 seconds
Thread count was 1 (of 24 available processors)

Model is infeasible
Best objective -, best bound -, gap -

Gurobi 5.6.3 (linux64) logging started Sun Jul 28 19:09:42 2019

Optimize a model with 0 rows, 696 columns and 0 nonzeros
Presolve removed 0 rows and 357 columns
Presolve time: 0.00s

Explored 0 nodes (0 simplex iterations) in 0.00 seconds
Thread count was 1 (of 24 available processors)

Model is infeasible
Best objective -, best bound -, gap -

Gurobi 5.6.3 (linux64) logging started Sun Jul 28 19:11:59 2019

Optimize a model with 0 rows, 696 columns and 0 nonzeros
Presolve removed 0 rows and 357 columns
Presolve time: 0.00s

Explored 0 nodes (0 simplex iterations) in 0.00 seconds
Thread count was 1 (of 24 available processors)

Model is infeasible
Best objective -, best bound -, gap -

Gurobi 5.6.3 (linux64) logging started Sun Jul 28 19:12:02 2019

Optimize a model with 81 rows, 696 columns and 729 nonzeros
Found heuristic solution: objective 0
Presolve removed 81 rows and 696 columns
Presolve time: 0.00s

Explored 0 nodes (0 simplex iterations) in 0.00 seconds
Thread count was 1 (of 24 available processors)

Optimal solution found (tolerance 1.00e-04)
Best objective 0.000000000000e+00, best bound 0.000000000000e+00, gap 0.0%

Gurobi 5.6.3 (linux64) logging started Sun Jul 28 19:16:25 2019

Optimize a model with 81 rows, 696 columns and 729 nonzeros
Found heuristic solution: objective 0
Presolve removed 81 rows and 696 columns
Presolve time: 0.00s

Explored 0 nodes (0 simplex iterations) in 0.00 seconds
Thread count was 1 (of 24 available processors)

Optimal solution found (tolerance 1.00e-04)
Best objective 0.000000000000e+00, best bound 0.000000000000e+00, gap 0.0%

Gurobi 5.6.3 (linux64) logging started Sun Jul 28 19:26:42 2019

Optimize a model with 81 rows, 696 columns and 729 nonzeros
Found heuristic solution: objective 0
Presolve removed 81 rows and 696 columns
Presolve time: 0.00s

Explored 0 nodes (0 simplex iterations) in 0.00 seconds
Thread count was 1 (of 24 available processors)

Optimal solution found (tolerance 1.00e-04)
Best objective 0.000000000000e+00, best bound 0.000000000000e+00, gap 0.0%

Gurobi 5.6.3 (linux64) logging started Sun Jul 28 19:27:48 2019

Optimize a model with 81 rows, 696 columns and 729 nonzeros
Found heuristic solution: objective 0
Presolve removed 81 rows and 696 columns
Presolve time: 0.00s

Explored 0 nodes (0 simplex iterations) in 0.00 seconds
Thread count was 1 (of 24 available processors)

Optimal solution found (tolerance 1.00e-04)
Best objective 0.000000000000e+00, best bound 0.000000000000e+00, gap 0.0%

Gurobi 5.6.3 (linux64) logging started Sun Jul 28 19:29:33 2019

Optimize a model with 81 rows, 696 columns and 729 nonzeros
Found heuristic solution: objective 0
Presolve removed 81 rows and 696 columns
Presolve time: 0.00s

Explored 0 nodes (0 simplex iterations) in 0.00 seconds
Thread count was 1 (of 24 available processors)

Optimal solution found (tolerance 1.00e-04)
Best objective 0.000000000000e+00, best bound 0.000000000000e+00, gap 0.0%

Gurobi 5.6.3 (linux64) logging started Sun Jul 28 19:32:30 2019

Optimize a model with 81 rows, 696 columns and 729 nonzeros
Found heuristic solution: objective 0
Presolve removed 81 rows and 696 columns
Presolve time: 0.00s

Explored 0 nodes (0 simplex iterations) in 0.00 seconds
Thread count was 1 (of 24 available processors)

Optimal solution found (tolerance 1.00e-04)
Best objective 0.000000000000e+00, best bound 0.000000000000e+00, gap 0.0%

Gurobi 5.6.3 (linux64) logging started Sun Jul 28 19:35:39 2019

Optimize a model with 81 rows, 696 columns and 729 nonzeros
Found heuristic solution: objective 0
Presolve removed 81 rows and 696 columns
Presolve time: 0.00s

Explored 0 nodes (0 simplex iterations) in 0.00 seconds
Thread count was 1 (of 24 available processors)

Optimal solution found (tolerance 1.00e-04)
Best objective 0.000000000000e+00, best bound 0.000000000000e+00, gap 0.0%

Gurobi 5.6.3 (linux64) logging started Sun Jul 28 19:36:46 2019

Optimize a model with 81 rows, 696 columns and 729 nonzeros
Presolve removed 0 rows and 696 columns
Presolve time: 0.00s

Explored 0 nodes (0 simplex iterations) in 0.00 seconds
Thread count was 1 (of 24 available processors)

Model is infeasible
Best objective -, best bound -, gap -

Gurobi 5.6.3 (linux64) logging started Sun Jul 28 19:39:32 2019

Optimize a model with 81 rows, 696 columns and 729 nonzeros
Found heuristic solution: objective 0
Presolve removed 81 rows and 696 columns
Presolve time: 0.00s

Explored 0 nodes (0 simplex iterations) in 0.00 seconds
Thread count was 1 (of 24 available processors)

Optimal solution found (tolerance 1.00e-04)
Best objective 0.000000000000e+00, best bound 0.000000000000e+00, gap 0.0%

Gurobi 5.6.3 (linux64) logging started Sun Jul 28 19:40:22 2019

Optimize a model with 81 rows, 696 columns and 729 nonzeros
Found heuristic solution: objective 0
Presolve removed 81 rows and 696 columns
Presolve time: 0.00s

Explored 0 nodes (0 simplex iterations) in 0.00 seconds
Thread count was 1 (of 24 available processors)

Optimal solution found (tolerance 1.00e-04)
Best objective 0.000000000000e+00, best bound 0.000000000000e+00, gap 0.0%

Gurobi 5.6.3 (linux64) logging started Sun Jul 28 19:41:33 2019

Optimize a model with 81 rows, 696 columns and 729 nonzeros
Found heuristic solution: objective 0
Presolve removed 81 rows and 696 columns
Presolve time: 0.00s

Explored 0 nodes (0 simplex iterations) in 0.00 seconds
Thread count was 1 (of 24 available processors)

Optimal solution found (tolerance 1.00e-04)
Best objective 0.000000000000e+00, best bound 0.000000000000e+00, gap 0.0%

Gurobi 5.6.3 (linux64) logging started Sun Jul 28 19:43:28 2019

Optimize a model with 81 rows, 696 columns and 729 nonzeros
Found heuristic solution: objective 0
Presolve removed 81 rows and 696 columns
Presolve time: 0.00s

Explored 0 nodes (0 simplex iterations) in 0.00 seconds
Thread count was 1 (of 24 available processors)

Optimal solution found (tolerance 1.00e-04)
Best objective 0.000000000000e+00, best bound 0.000000000000e+00, gap 0.0%

Gurobi 5.6.3 (linux64) logging started Sun Jul 28 19:45:28 2019

Optimize a model with 81 rows, 696 columns and 729 nonzeros
Presolve removed 0 rows and 696 columns
Presolve time: 0.00s

Explored 0 nodes (0 simplex iterations) in 0.00 seconds
Thread count was 1 (of 24 available processors)

Model is infeasible
Best objective -, best bound -, gap -

Gurobi 5.6.3 (linux64) logging started Sun Jul 28 19:47:39 2019

Optimize a model with 0 rows, 696 columns and 0 nonzeros
Found heuristic solution: objective 0
Presolve removed 0 rows and 696 columns
Presolve time: 0.00s

Explored 0 nodes (0 simplex iterations) in 0.00 seconds
Thread count was 1 (of 24 available processors)

Optimal solution found (tolerance 1.00e-04)
Best objective 0.000000000000e+00, best bound 0.000000000000e+00, gap 0.0%

Gurobi 5.6.3 (linux64) logging started Sun Jul 28 19:48:35 2019

Optimize a model with 0 rows, 696 columns and 0 nonzeros
Found heuristic solution: objective 0
Presolve removed 0 rows and 696 columns
Presolve time: 0.00s

Explored 0 nodes (0 simplex iterations) in 0.00 seconds
Thread count was 1 (of 24 available processors)

Optimal solution found (tolerance 1.00e-04)
Best objective 0.000000000000e+00, best bound 0.000000000000e+00, gap 0.0%

Gurobi 5.6.3 (linux64) logging started Sun Jul 28 19:50:25 2019

Optimize a model with 0 rows, 696 columns and 0 nonzeros
Found heuristic solution: objective 0
Presolve removed 0 rows and 696 columns
Presolve time: 0.00s

Explored 0 nodes (0 simplex iterations) in 0.00 seconds
Thread count was 1 (of 24 available processors)

Optimal solution found (tolerance 1.00e-04)
Best objective 0.000000000000e+00, best bound 0.000000000000e+00, gap 0.0%

Gurobi 5.6.3 (linux64) logging started Sun Jul 28 19:51:59 2019

Optimize a model with 243 rows, 696 columns and 2187 nonzeros
Presolve time: 0.01s
Presolved: 243 rows, 696 columns, 2187 nonzeros
Variable types: 0 continuous, 696 integer (696 binary)
Found heuristic solution: objective 0.0000000

Explored 0 nodes (0 simplex iterations) in 0.02 seconds
Thread count was 24 (of 24 available processors)

Optimal solution found (tolerance 1.00e-04)
Best objective 0.000000000000e+00, best bound 0.000000000000e+00, gap 0.0%

Gurobi 5.6.3 (linux64) logging started Sun Jul 28 19:56:38 2019

Optimize a model with 243 rows, 696 columns and 2187 nonzeros
Presolve time: 0.01s
Presolved: 243 rows, 696 columns, 2187 nonzeros
Variable types: 0 continuous, 696 integer (696 binary)
Found heuristic solution: objective 0.0000000

Explored 0 nodes (0 simplex iterations) in 0.02 seconds
Thread count was 24 (of 24 available processors)

Optimal solution found (tolerance 1.00e-04)
Best objective 0.000000000000e+00, best bound 0.000000000000e+00, gap 0.0%

Gurobi 5.6.3 (linux64) logging started Sun Jul 28 20:04:05 2019

Optimize a model with 243 rows, 696 columns and 2187 nonzeros
Presolve time: 0.02s
Presolved: 243 rows, 696 columns, 2187 nonzeros
Variable types: 0 continuous, 696 integer (696 binary)
Found heuristic solution: objective 0.0000000

Explored 0 nodes (0 simplex iterations) in 0.03 seconds
Thread count was 24 (of 24 available processors)

Optimal solution found (tolerance 1.00e-04)
Best objective 0.000000000000e+00, best bound 0.000000000000e+00, gap 0.0%

Gurobi 5.6.3 (linux64) logging started Sun Jul 28 20:04:14 2019

Optimize a model with 243 rows, 696 columns and 2187 nonzeros
Presolve time: 0.01s
Presolved: 243 rows, 696 columns, 2187 nonzeros
Variable types: 0 continuous, 696 integer (696 binary)
Found heuristic solution: objective 0.0000000

Explored 0 nodes (0 simplex iterations) in 0.02 seconds
Thread count was 24 (of 24 available processors)

Optimal solution found (tolerance 1.00e-04)
Best objective 0.000000000000e+00, best bound 0.000000000000e+00, gap 0.0%

Gurobi 5.6.3 (linux64) logging started Sun Jul 28 20:05:26 2019

Optimize a model with 243 rows, 696 columns and 2187 nonzeros
Presolve time: 0.01s
Presolved: 243 rows, 696 columns, 2187 nonzeros
Variable types: 0 continuous, 696 integer (696 binary)
Found heuristic solution: objective 0.0000000

Explored 0 nodes (0 simplex iterations) in 0.02 seconds
Thread count was 24 (of 24 available processors)

Optimal solution found (tolerance 1.00e-04)
Best objective 0.000000000000e+00, best bound 0.000000000000e+00, gap 0.0%

Gurobi 5.6.3 (linux64) logging started Sun Jul 28 20:05:52 2019

Optimize a model with 243 rows, 696 columns and 2187 nonzeros
Presolve time: 0.01s
Presolved: 243 rows, 696 columns, 2187 nonzeros
Variable types: 0 continuous, 696 integer (696 binary)
Found heuristic solution: objective 0.0000000

Explored 0 nodes (0 simplex iterations) in 0.02 seconds
Thread count was 24 (of 24 available processors)

Optimal solution found (tolerance 1.00e-04)
Best objective 0.000000000000e+00, best bound 0.000000000000e+00, gap 0.0%

Gurobi 5.6.3 (linux64) logging started Sun Jul 28 20:05:54 2019

Optimize a model with 243 rows, 696 columns and 2187 nonzeros
Presolve time: 0.01s
Presolved: 243 rows, 696 columns, 2187 nonzeros
Variable types: 0 continuous, 696 integer (696 binary)
Found heuristic solution: objective 0.0000000

Explored 0 nodes (0 simplex iterations) in 0.02 seconds
Thread count was 24 (of 24 available processors)

Optimal solution found (tolerance 1.00e-04)
Best objective 0.000000000000e+00, best bound 0.000000000000e+00, gap 0.0%

Gurobi 5.6.3 (linux64) logging started Sun Jul 28 20:06:56 2019

Optimize a model with 243 rows, 696 columns and 2187 nonzeros
Presolve time: 0.01s
Presolved: 243 rows, 696 columns, 2187 nonzeros
Variable types: 0 continuous, 696 integer (696 binary)
Found heuristic solution: objective 0.0000000

Explored 0 nodes (0 simplex iterations) in 0.02 seconds
Thread count was 24 (of 24 available processors)

Optimal solution found (tolerance 1.00e-04)
Best objective 0.000000000000e+00, best bound 0.000000000000e+00, gap 0.0%

Gurobi 5.6.3 (linux64) logging started Sun Jul 28 20:07:59 2019

Optimize a model with 243 rows, 696 columns and 2187 nonzeros
Presolve time: 0.01s
Presolved: 243 rows, 696 columns, 2187 nonzeros
Variable types: 0 continuous, 696 integer (696 binary)
Found heuristic solution: objective 0.0000000

Explored 0 nodes (0 simplex iterations) in 0.02 seconds
Thread count was 24 (of 24 available processors)

Optimal solution found (tolerance 1.00e-04)
Best objective 0.000000000000e+00, best bound 0.000000000000e+00, gap 0.0%

Gurobi 5.6.3 (linux64) logging started Sun Jul 28 20:08:52 2019

Optimize a model with 243 rows, 696 columns and 2187 nonzeros
Presolve time: 0.01s
Presolved: 243 rows, 696 columns, 2187 nonzeros
Variable types: 0 continuous, 696 integer (696 binary)
Found heuristic solution: objective 0.0000000

Explored 0 nodes (0 simplex iterations) in 0.02 seconds
Thread count was 24 (of 24 available processors)

Optimal solution found (tolerance 1.00e-04)
Best objective 0.000000000000e+00, best bound 0.000000000000e+00, gap 0.0%

Gurobi 5.6.3 (linux64) logging started Sun Jul 28 20:11:00 2019

Optimize a model with 243 rows, 696 columns and 2187 nonzeros
Presolve time: 0.01s
Presolved: 243 rows, 696 columns, 2187 nonzeros
Variable types: 0 continuous, 696 integer (696 binary)
Found heuristic solution: objective 0.0000000

Explored 0 nodes (0 simplex iterations) in 0.02 seconds
Thread count was 24 (of 24 available processors)

Optimal solution found (tolerance 1.00e-04)
Best objective 0.000000000000e+00, best bound 0.000000000000e+00, gap 0.0%

Gurobi 5.6.3 (linux64) logging started Sun Jul 28 21:50:45 2019


Gurobi 5.6.3 (linux64) logging started Sun Jul 28 21:50:54 2019

Optimize a model with 243 rows, 696 columns and 2187 nonzeros
Presolve time: 0.01s
Presolved: 243 rows, 696 columns, 2187 nonzeros
Variable types: 0 continuous, 696 integer (696 binary)
Found heuristic solution: objective 0.0000000

Explored 0 nodes (0 simplex iterations) in 0.03 seconds
Thread count was 24 (of 24 available processors)

Optimal solution found (tolerance 1.00e-04)
Best objective 0.000000000000e+00, best bound 0.000000000000e+00, gap 0.0%

Gurobi 5.6.3 (linux64) logging started Sun Jul 28 22:48:02 2019


Gurobi 5.6.3 (linux64) logging started Sun Jul 28 22:51:29 2019


Gurobi 5.6.3 (linux64) logging started Sun Jul 28 22:54:48 2019

Optimize a model with 243 rows, 432 columns and 2187 nonzeros
Presolve removed 33 rows and 9 columns
Presolve time: 0.00s

Explored 0 nodes (0 simplex iterations) in 0.01 seconds
Thread count was 1 (of 24 available processors)

Model is infeasible
Best objective -, best bound -, gap -

Gurobi 5.6.3 (linux64) logging started Sun Jul 28 23:45:51 2019

Optimize a model with 243 rows, 432 columns and 2187 nonzeros
Presolve removed 33 rows and 9 columns
Presolve time: 0.00s

Explored 0 nodes (0 simplex iterations) in 0.01 seconds
Thread count was 1 (of 24 available processors)

Model is infeasible
Best objective -, best bound -, gap -

Gurobi 5.6.3 (linux64) logging started Sun Jul 28 23:46:17 2019

Optimize a model with 243 rows, 432 columns and 2187 nonzeros
Presolve removed 33 rows and 9 columns
Presolve time: 0.00s

Explored 0 nodes (0 simplex iterations) in 0.00 seconds
Thread count was 1 (of 24 available processors)

Model is infeasible
Best objective -, best bound -, gap -

Gurobi 5.6.3 (linux64) logging started Sun Jul 28 23:46:33 2019


Gurobi 5.6.3 (linux64) logging started Sun Jul 28 23:48:15 2019


Gurobi 5.6.3 (linux64) logging started Sun Jul 28 23:49:12 2019


Gurobi 5.6.3 (linux64) logging started Sun Jul 28 23:56:01 2019


Gurobi 5.6.3 (linux64) logging started Sun Jul 28 23:58:08 2019


Gurobi 5.6.3 (linux64) logging started Sun Jul 28 23:59:25 2019

Optimize a model with 0 rows, 181 columns and 0 nonzeros
Found heuristic solution: objective 0
Presolve removed 0 rows and 181 columns
Presolve time: 0.00s

Explored 0 nodes (0 simplex iterations) in 0.01 seconds
Thread count was 1 (of 24 available processors)

Optimal solution found (tolerance 1.00e-04)
Best objective 0.000000000000e+00, best bound 0.000000000000e+00, gap 0.0%

Gurobi 5.6.3 (linux64) logging started Mon Jul 29 00:05:44 2019


Gurobi 5.6.3 (linux64) logging started Mon Jul 29 00:13:11 2019


Gurobi 5.6.3 (linux64) logging started Mon Jul 29 00:18:35 2019


Gurobi 5.6.3 (linux64) logging started Mon Jul 29 00:21:36 2019


Gurobi 5.6.3 (linux64) logging started Mon Jul 29 00:27:55 2019

Optimize a model with 1 rows, 181 columns and 1 nonzeros
Found heuristic solution: objective 0
Presolve removed 1 rows and 181 columns
Presolve time: 0.00s

Explored 0 nodes (0 simplex iterations) in 0.00 seconds
Thread count was 1 (of 24 available processors)

Optimal solution found (tolerance 1.00e-04)
Best objective 0.000000000000e+00, best bound 0.000000000000e+00, gap 0.0%

Gurobi 5.6.3 (linux64) logging started Mon Jul 29 00:31:27 2019


Gurobi 5.6.3 (linux64) logging started Mon Jul 29 00:34:48 2019


Gurobi 5.6.3 (linux64) logging started Mon Jul 29 00:37:18 2019

Optimize a model with 1 rows, 181 columns and 1 nonzeros
Found heuristic solution: objective 0
Presolve removed 1 rows and 181 columns
Presolve time: 0.00s

Explored 0 nodes (0 simplex iterations) in 0.00 seconds
Thread count was 1 (of 24 available processors)

Optimal solution found (tolerance 1.00e-04)
Best objective 0.000000000000e+00, best bound 0.000000000000e+00, gap 0.0%

Gurobi 5.6.3 (linux64) logging started Mon Jul 29 00:39:12 2019

Optimize a model with 1 rows, 181 columns and 1 nonzeros
Found heuristic solution: objective 0
Presolve removed 1 rows and 181 columns
Presolve time: 0.00s

Explored 0 nodes (0 simplex iterations) in 0.00 seconds
Thread count was 1 (of 24 available processors)

Optimal solution found (tolerance 1.00e-04)
Best objective 0.000000000000e+00, best bound 0.000000000000e+00, gap 0.0%

Gurobi 5.6.3 (linux64) logging started Mon Jul 29 00:41:35 2019


Gurobi 5.6.3 (linux64) logging started Mon Jul 29 00:42:38 2019


Gurobi 5.6.3 (linux64) logging started Mon Jul 29 00:49:20 2019

Optimize a model with 1 rows, 181 columns and 2 nonzeros
Found heuristic solution: objective 0
Presolve removed 1 rows and 181 columns
Presolve time: 0.00s

Explored 0 nodes (0 simplex iterations) in 0.00 seconds
Thread count was 1 (of 24 available processors)

Optimal solution found (tolerance 1.00e-04)
Best objective 0.000000000000e+00, best bound 0.000000000000e+00, gap 0.0%

Gurobi 5.6.3 (linux64) logging started Mon Jul 29 00:50:33 2019

Optimize a model with 1 rows, 181 columns and 3 nonzeros
Found heuristic solution: objective 0
Presolve removed 1 rows and 181 columns
Presolve time: 0.00s

Explored 0 nodes (0 simplex iterations) in 0.00 seconds
Thread count was 1 (of 24 available processors)

Optimal solution found (tolerance 1.00e-04)
Best objective 0.000000000000e+00, best bound 0.000000000000e+00, gap 0.0%

Gurobi 5.6.3 (linux64) logging started Mon Jul 29 00:52:25 2019

Optimize a model with 81 rows, 181 columns and 6791 nonzeros
Found heuristic solution: objective 0
Presolve removed 81 rows and 181 columns
Presolve time: 0.00s

Explored 0 nodes (0 simplex iterations) in 0.03 seconds
Thread count was 1 (of 24 available processors)

Optimal solution found (tolerance 1.00e-04)
Best objective 0.000000000000e+00, best bound 0.000000000000e+00, gap 0.0%

Gurobi 5.6.3 (linux64) logging started Mon Jul 29 00:59:10 2019

Optimize a model with 81 rows, 181 columns and 6791 nonzeros
Found heuristic solution: objective 0
Presolve removed 81 rows and 181 columns
Presolve time: 0.00s

Explored 0 nodes (0 simplex iterations) in 0.03 seconds
Thread count was 1 (of 24 available processors)

Optimal solution found (tolerance 1.00e-04)
Best objective 0.000000000000e+00, best bound 0.000000000000e+00, gap 0.0%

Gurobi 5.6.3 (linux64) logging started Mon Jul 29 01:02:09 2019

Optimize a model with 81 rows, 181 columns and 6791 nonzeros
Found heuristic solution: objective 0
Presolve removed 81 rows and 181 columns
Presolve time: 0.01s

Explored 0 nodes (0 simplex iterations) in 0.04 seconds
Thread count was 1 (of 24 available processors)

Optimal solution found (tolerance 1.00e-04)
Best objective 0.000000000000e+00, best bound 0.000000000000e+00, gap 0.0%

Gurobi 5.6.3 (linux64) logging started Mon Jul 29 18:58:21 2019

Optimize a model with 81 rows, 181 columns and 6791 nonzeros
Found heuristic solution: objective 0
Presolve removed 81 rows and 181 columns
Presolve time: 0.00s

Explored 0 nodes (0 simplex iterations) in 0.03 seconds
Thread count was 1 (of 24 available processors)

Optimal solution found (tolerance 1.00e-04)
Best objective 0.000000000000e+00, best bound 0.000000000000e+00, gap 0.0%

Gurobi 5.6.3 (linux64) logging started Mon Jul 29 19:00:27 2019

Optimize a model with 81 rows, 181 columns and 6791 nonzeros
Found heuristic solution: objective 0
Presolve removed 81 rows and 181 columns
Presolve time: 0.00s

Explored 0 nodes (0 simplex iterations) in 0.03 seconds
Thread count was 1 (of 24 available processors)

Optimal solution found (tolerance 1.00e-04)
Best objective 0.000000000000e+00, best bound 0.000000000000e+00, gap 0.0%

Gurobi 5.6.3 (linux64) logging started Mon Jul 29 19:01:08 2019

Optimize a model with 81 rows, 181 columns and 6791 nonzeros
Found heuristic solution: objective 0
Presolve removed 81 rows and 181 columns
Presolve time: 0.00s

Explored 0 nodes (0 simplex iterations) in 0.03 seconds
Thread count was 1 (of 24 available processors)

Optimal solution found (tolerance 1.00e-04)
Best objective 0.000000000000e+00, best bound 0.000000000000e+00, gap 0.0%

Gurobi 5.6.3 (linux64) logging started Mon Jul 29 19:02:00 2019

Optimize a model with 81 rows, 181 columns and 6791 nonzeros
Found heuristic solution: objective 0
Presolve removed 81 rows and 181 columns
Presolve time: 0.00s

Explored 0 nodes (0 simplex iterations) in 0.03 seconds
Thread count was 1 (of 24 available processors)

Optimal solution found (tolerance 1.00e-04)
Best objective 0.000000000000e+00, best bound 0.000000000000e+00, gap 0.0%

Gurobi 5.6.3 (linux64) logging started Mon Jul 29 21:14:57 2019

Optimize a model with 81 rows, 181 columns and 6791 nonzeros
Found heuristic solution: objective 0
Presolve removed 81 rows and 181 columns
Presolve time: 0.00s

Explored 0 nodes (0 simplex iterations) in 0.03 seconds
Thread count was 1 (of 24 available processors)

Optimal solution found (tolerance 1.00e-04)
Best objective 0.000000000000e+00, best bound 0.000000000000e+00, gap 0.0%

Gurobi 5.6.3 (linux64) logging started Mon Jul 29 21:18:01 2019

Optimize a model with 81 rows, 181 columns and 6791 nonzeros
Found heuristic solution: objective 0
Presolve removed 81 rows and 181 columns
Presolve time: 0.00s

Explored 0 nodes (0 simplex iterations) in 0.03 seconds
Thread count was 1 (of 24 available processors)

Optimal solution found (tolerance 1.00e-04)
Best objective 0.000000000000e+00, best bound 0.000000000000e+00, gap 0.0%

Gurobi 5.6.3 (linux64) logging started Mon Jul 29 21:18:33 2019

Optimize a model with 81 rows, 181 columns and 6791 nonzeros
Found heuristic solution: objective 0
Presolve removed 81 rows and 181 columns
Presolve time: 0.00s

Explored 0 nodes (0 simplex iterations) in 0.03 seconds
Thread count was 1 (of 24 available processors)

Optimal solution found (tolerance 1.00e-04)
Best objective 0.000000000000e+00, best bound 0.000000000000e+00, gap 0.0%

Gurobi 5.6.3 (linux64) logging started Mon Jul 29 21:19:40 2019

Optimize a model with 81 rows, 181 columns and 6791 nonzeros
Found heuristic solution: objective 0
Presolve removed 81 rows and 181 columns
Presolve time: 0.00s

Explored 0 nodes (0 simplex iterations) in 0.03 seconds
Thread count was 1 (of 24 available processors)

Optimal solution found (tolerance 1.00e-04)
Best objective 0.000000000000e+00, best bound 0.000000000000e+00, gap 0.0%

Gurobi 5.6.3 (linux64) logging started Mon Jul 29 21:19:47 2019

Optimize a model with 81 rows, 181 columns and 6791 nonzeros
Found heuristic solution: objective 0
Presolve removed 81 rows and 181 columns
Presolve time: 0.00s

Explored 0 nodes (0 simplex iterations) in 0.03 seconds
Thread count was 1 (of 24 available processors)

Optimal solution found (tolerance 1.00e-04)
Best objective 0.000000000000e+00, best bound 0.000000000000e+00, gap 0.0%

Gurobi 5.6.3 (linux64) logging started Mon Jul 29 21:20:53 2019

Optimize a model with 81 rows, 181 columns and 6791 nonzeros
Found heuristic solution: objective 0
Presolve removed 81 rows and 181 columns
Presolve time: 0.00s

Explored 0 nodes (0 simplex iterations) in 0.03 seconds
Thread count was 1 (of 24 available processors)

Optimal solution found (tolerance 1.00e-04)
Best objective 0.000000000000e+00, best bound 0.000000000000e+00, gap 0.0%

Gurobi 5.6.3 (linux64) logging started Mon Jul 29 21:21:21 2019

Optimize a model with 81 rows, 181 columns and 6791 nonzeros
Found heuristic solution: objective 0
Presolve removed 81 rows and 181 columns
Presolve time: 0.00s

Explored 0 nodes (0 simplex iterations) in 0.03 seconds
Thread count was 1 (of 24 available processors)

Optimal solution found (tolerance 1.00e-04)
Best objective 0.000000000000e+00, best bound 0.000000000000e+00, gap 0.0%

Gurobi 5.6.3 (linux64) logging started Mon Jul 29 21:22:10 2019

Optimize a model with 81 rows, 181 columns and 6791 nonzeros
Found heuristic solution: objective 0
Presolve removed 81 rows and 181 columns
Presolve time: 0.00s

Explored 0 nodes (0 simplex iterations) in 0.03 seconds
Thread count was 1 (of 24 available processors)

Optimal solution found (tolerance 1.00e-04)
Best objective 0.000000000000e+00, best bound 0.000000000000e+00, gap 0.0%

Gurobi 5.6.3 (linux64) logging started Mon Jul 29 21:23:48 2019

Optimize a model with 81 rows, 181 columns and 0 nonzeros
Presolve removed 0 rows and 181 columns
Presolve time: 0.00s

Explored 0 nodes (0 simplex iterations) in 0.00 seconds
Thread count was 1 (of 24 available processors)

Model is infeasible
Best objective -, best bound -, gap -

Gurobi 5.6.3 (linux64) logging started Mon Jul 29 21:24:09 2019

Optimize a model with 81 rows, 181 columns and 6791 nonzeros
Found heuristic solution: objective 0
Presolve removed 81 rows and 181 columns
Presolve time: 0.00s

Explored 0 nodes (0 simplex iterations) in 0.03 seconds
Thread count was 1 (of 24 available processors)

Optimal solution found (tolerance 1.00e-04)
Best objective 0.000000000000e+00, best bound 0.000000000000e+00, gap 0.0%

Gurobi 5.6.3 (linux64) logging started Mon Jul 29 21:25:14 2019


Gurobi 5.6.3 (linux64) logging started Mon Jul 29 21:30:17 2019

Optimize a model with 0 rows, 181 columns and 0 nonzeros
Found heuristic solution: objective 0
Presolve removed 0 rows and 181 columns
Presolve time: 0.00s

Explored 0 nodes (0 simplex iterations) in 0.00 seconds
Thread count was 1 (of 24 available processors)

Optimal solution found (tolerance 1.00e-04)
Best objective 0.000000000000e+00, best bound 0.000000000000e+00, gap 0.0%

Gurobi 5.6.3 (linux64) logging started Mon Jul 29 21:31:10 2019

Optimize a model with 81 rows, 181 columns and 6791 nonzeros
Found heuristic solution: objective 0
Presolve removed 81 rows and 181 columns
Presolve time: 0.00s

Explored 0 nodes (0 simplex iterations) in 0.03 seconds
Thread count was 1 (of 24 available processors)

Optimal solution found (tolerance 1.00e-04)
Best objective 0.000000000000e+00, best bound 0.000000000000e+00, gap 0.0%

Gurobi 5.6.3 (linux64) logging started Mon Jul 29 21:36:24 2019

Optimize a model with 81 rows, 181 columns and 181 nonzeros
Presolve removed 9 rows and 181 columns
Presolve time: 0.00s

Explored 0 nodes (0 simplex iterations) in 0.00 seconds
Thread count was 1 (of 24 available processors)

Model is infeasible
Best objective -, best bound -, gap -

Gurobi 5.6.3 (linux64) logging started Mon Jul 29 21:39:14 2019

Optimize a model with 81 rows, 181 columns and 181 nonzeros
Presolve removed 9 rows and 181 columns
Presolve time: 0.00s

Explored 0 nodes (0 simplex iterations) in 0.00 seconds
Thread count was 1 (of 24 available processors)

Model is infeasible
Best objective -, best bound -, gap -

Gurobi 5.6.3 (linux64) logging started Mon Jul 29 21:40:51 2019

Optimize a model with 1 rows, 181 columns and 3 nonzeros
Found heuristic solution: objective 0
Presolve removed 1 rows and 181 columns
Presolve time: 0.00s

Explored 0 nodes (0 simplex iterations) in 0.00 seconds
Thread count was 1 (of 24 available processors)

Optimal solution found (tolerance 1.00e-04)
Best objective 0.000000000000e+00, best bound 0.000000000000e+00, gap 0.0%

Gurobi 5.6.3 (linux64) logging started Mon Jul 29 21:47:00 2019

Optimize a model with 9 rows, 181 columns and 8 nonzeros
Presolve removed 1 rows and 181 columns
Presolve time: 0.00s

Explored 0 nodes (0 simplex iterations) in 0.00 seconds
Thread count was 1 (of 24 available processors)

Model is infeasible
Best objective -, best bound -, gap -

Gurobi 5.6.3 (linux64) logging started Mon Jul 29 21:49:33 2019

Optimize a model with 9 rows, 181 columns and 8 nonzeros
Presolve removed 1 rows and 181 columns
Presolve time: 0.00s

Explored 0 nodes (0 simplex iterations) in 0.00 seconds
Thread count was 1 (of 24 available processors)

Model is infeasible
Best objective -, best bound -, gap -

Gurobi 5.6.3 (linux64) logging started Mon Jul 29 21:52:28 2019

Optimize a model with 1 rows, 181 columns and 3 nonzeros
Found heuristic solution: objective 0
Presolve removed 1 rows and 181 columns
Presolve time: 0.00s

Explored 0 nodes (0 simplex iterations) in 0.00 seconds
Thread count was 1 (of 24 available processors)

Optimal solution found (tolerance 1.00e-04)
Best objective 0.000000000000e+00, best bound 0.000000000000e+00, gap 0.0%

Gurobi 5.6.3 (linux64) logging started Mon Jul 29 22:04:26 2019

Warning: model has pending changes.
File 'debug.lp' does not contain these changes.
Optimize a model with 1 rows, 181 columns and 3 nonzeros
Found heuristic solution: objective 0
Presolve removed 1 rows and 181 columns
Presolve time: 0.00s

Explored 0 nodes (0 simplex iterations) in 0.00 seconds
Thread count was 1 (of 24 available processors)

Optimal solution found (tolerance 1.00e-04)
Best objective 0.000000000000e+00, best bound 0.000000000000e+00, gap 0.0%

Gurobi 5.6.3 (linux64) logging started Mon Jul 29 22:06:18 2019

Optimize a model with 1 rows, 181 columns and 3 nonzeros
Found heuristic solution: objective 0
Presolve removed 1 rows and 181 columns
Presolve time: 0.00s

Explored 0 nodes (0 simplex iterations) in 0.00 seconds
Thread count was 1 (of 24 available processors)

Optimal solution found (tolerance 1.00e-04)
Best objective 0.000000000000e+00, best bound 0.000000000000e+00, gap 0.0%

Gurobi 5.6.3 (linux64) logging started Mon Jul 29 22:07:12 2019

Optimize a model with 9 rows, 181 columns and 8 nonzeros
Presolve removed 1 rows and 181 columns
Presolve time: 0.00s

Explored 0 nodes (0 simplex iterations) in 0.00 seconds
Thread count was 1 (of 24 available processors)

Model is infeasible
Best objective -, best bound -, gap -

Gurobi 5.6.3 (linux64) logging started Mon Jul 29 22:10:06 2019

Optimize a model with 3 rows, 181 columns and 8 nonzeros
Found heuristic solution: objective 0
Presolve removed 3 rows and 181 columns
Presolve time: 0.00s

Explored 0 nodes (0 simplex iterations) in 0.00 seconds
Thread count was 1 (of 24 available processors)

Optimal solution found (tolerance 1.00e-04)
Best objective 0.000000000000e+00, best bound 0.000000000000e+00, gap 0.0%

Gurobi 5.6.3 (linux64) logging started Mon Jul 29 22:41:01 2019

Optimize a model with 3 rows, 181 columns and 8 nonzeros
Found heuristic solution: objective 0
Presolve removed 3 rows and 181 columns
Presolve time: 0.00s

Explored 0 nodes (0 simplex iterations) in 0.00 seconds
Thread count was 1 (of 24 available processors)

Optimal solution found (tolerance 1.00e-04)
Best objective 0.000000000000e+00, best bound 0.000000000000e+00, gap 0.0%

Gurobi 5.6.3 (linux64) logging started Mon Jul 29 22:43:22 2019

Optimize a model with 3 rows, 181 columns and 8 nonzeros
Found heuristic solution: objective 0
Presolve removed 3 rows and 181 columns
Presolve time: 0.00s

Explored 0 nodes (0 simplex iterations) in 0.00 seconds
Thread count was 1 (of 24 available processors)

Optimal solution found (tolerance 1.00e-04)
Best objective 0.000000000000e+00, best bound 0.000000000000e+00, gap 0.0%

Gurobi 5.6.3 (linux64) logging started Mon Jul 29 22:45:02 2019

Optimize a model with 3 rows, 181 columns and 8 nonzeros
Found heuristic solution: objective 0
Presolve removed 3 rows and 181 columns
Presolve time: 0.00s

Explored 0 nodes (0 simplex iterations) in 0.00 seconds
Thread count was 1 (of 24 available processors)

Optimal solution found (tolerance 1.00e-04)
Best objective 0.000000000000e+00, best bound 0.000000000000e+00, gap 0.0%

Gurobi 5.6.3 (linux64) logging started Mon Jul 29 22:49:50 2019

Optimize a model with 3 rows, 181 columns and 8 nonzeros
Found heuristic solution: objective 0
Presolve removed 3 rows and 181 columns
Presolve time: 0.00s

Explored 0 nodes (0 simplex iterations) in 0.00 seconds
Thread count was 1 (of 24 available processors)

Optimal solution found (tolerance 1.00e-04)
Best objective 0.000000000000e+00, best bound 0.000000000000e+00, gap 0.0%

Gurobi 5.6.3 (linux64) logging started Mon Jul 29 22:50:48 2019

Optimize a model with 3 rows, 181 columns and 8 nonzeros
Found heuristic solution: objective 0
Presolve removed 3 rows and 181 columns
Presolve time: 0.00s

Explored 0 nodes (0 simplex iterations) in 0.00 seconds
Thread count was 1 (of 24 available processors)

Optimal solution found (tolerance 1.00e-04)
Best objective 0.000000000000e+00, best bound 0.000000000000e+00, gap 0.0%

Gurobi 5.6.3 (linux64) logging started Mon Jul 29 22:51:11 2019

Optimize a model with 3 rows, 181 columns and 8 nonzeros
Found heuristic solution: objective 0
Presolve removed 3 rows and 181 columns
Presolve time: 0.00s

Explored 0 nodes (0 simplex iterations) in 0.00 seconds
Thread count was 1 (of 24 available processors)

Optimal solution found (tolerance 1.00e-04)
Best objective 0.000000000000e+00, best bound 0.000000000000e+00, gap 0.0%

Gurobi 5.6.3 (linux64) logging started Mon Jul 29 23:25:46 2019

Optimize a model with 3 rows, 181 columns and 8 nonzeros
Found heuristic solution: objective 0
Presolve removed 3 rows and 181 columns
Presolve time: 0.00s

Explored 0 nodes (0 simplex iterations) in 0.00 seconds
Thread count was 1 (of 24 available processors)

Optimal solution found (tolerance 1.00e-04)
Best objective 0.000000000000e+00, best bound 0.000000000000e+00, gap 0.0%

Gurobi 5.6.3 (linux64) logging started Mon Jul 29 23:26:19 2019

Optimize a model with 3 rows, 181 columns and 8 nonzeros
Found heuristic solution: objective 0
Presolve removed 3 rows and 181 columns
Presolve time: 0.00s

Explored 0 nodes (0 simplex iterations) in 0.00 seconds
Thread count was 1 (of 24 available processors)

Optimal solution found (tolerance 1.00e-04)
Best objective 0.000000000000e+00, best bound 0.000000000000e+00, gap 0.0%

Gurobi 5.6.3 (linux64) logging started Mon Jul 29 23:27:29 2019

Optimize a model with 3 rows, 181 columns and 8 nonzeros
Found heuristic solution: objective 0
Presolve removed 3 rows and 181 columns
Presolve time: 0.00s

Explored 0 nodes (0 simplex iterations) in 0.00 seconds
Thread count was 1 (of 24 available processors)

Optimal solution found (tolerance 1.00e-04)
Best objective 0.000000000000e+00, best bound 0.000000000000e+00, gap 0.0%

Gurobi 5.6.3 (linux64) logging started Mon Jul 29 23:27:47 2019

Optimize a model with 3 rows, 181 columns and 8 nonzeros
Found heuristic solution: objective 0
Presolve removed 3 rows and 181 columns
Presolve time: 0.00s

Explored 0 nodes (0 simplex iterations) in 0.00 seconds
Thread count was 1 (of 24 available processors)

Optimal solution found (tolerance 1.00e-04)
Best objective 0.000000000000e+00, best bound 0.000000000000e+00, gap 0.0%

Gurobi 5.6.3 (linux64) logging started Mon Jul 29 23:28:19 2019

Optimize a model with 3 rows, 181 columns and 8 nonzeros
Found heuristic solution: objective 0
Presolve removed 3 rows and 181 columns
Presolve time: 0.00s

Explored 0 nodes (0 simplex iterations) in 0.00 seconds
Thread count was 1 (of 24 available processors)

Optimal solution found (tolerance 1.00e-04)
Best objective 0.000000000000e+00, best bound 0.000000000000e+00, gap 0.0%

Gurobi 5.6.3 (linux64) logging started Mon Jul 29 23:29:13 2019

Optimize a model with 3 rows, 181 columns and 8 nonzeros
Found heuristic solution: objective 0
Presolve removed 3 rows and 181 columns
Presolve time: 0.00s

Explored 0 nodes (0 simplex iterations) in 0.00 seconds
Thread count was 1 (of 24 available processors)

Optimal solution found (tolerance 1.00e-04)
Best objective 0.000000000000e+00, best bound 0.000000000000e+00, gap 0.0%

Gurobi 5.6.3 (linux64) logging started Mon Jul 29 23:32:13 2019

Optimize a model with 48 rows, 181 columns and 181 nonzeros
Found heuristic solution: objective 0
Presolve removed 48 rows and 181 columns
Presolve time: 0.00s

Explored 0 nodes (0 simplex iterations) in 0.00 seconds
Thread count was 1 (of 24 available processors)

Optimal solution found (tolerance 1.00e-04)
Best objective 0.000000000000e+00, best bound 0.000000000000e+00, gap 0.0%

Gurobi 5.6.3 (linux64) logging started Mon Jul 29 23:32:50 2019

Optimize a model with 48 rows, 181 columns and 181 nonzeros
Found heuristic solution: objective 0
Presolve removed 48 rows and 181 columns
Presolve time: 0.00s

Explored 0 nodes (0 simplex iterations) in 0.00 seconds
Thread count was 1 (of 24 available processors)

Optimal solution found (tolerance 1.00e-04)
Best objective 0.000000000000e+00, best bound 0.000000000000e+00, gap 0.0%

Gurobi 5.6.3 (linux64) logging started Mon Jul 29 23:34:03 2019

Optimize a model with 48 rows, 181 columns and 181 nonzeros
Found heuristic solution: objective 0
Presolve removed 48 rows and 181 columns
Presolve time: 0.00s

Explored 0 nodes (0 simplex iterations) in 0.00 seconds
Thread count was 1 (of 24 available processors)

Optimal solution found (tolerance 1.00e-04)
Best objective 0.000000000000e+00, best bound 0.000000000000e+00, gap 0.0%

Gurobi 5.6.3 (linux64) logging started Mon Jul 29 23:37:20 2019

Optimize a model with 96 rows, 181 columns and 362 nonzeros
Found heuristic solution: objective 0
Presolve removed 28 rows and 41 columns
Presolve time: 0.00s
Presolved: 68 rows, 140 columns, 280 nonzeros
Variable types: 0 continuous, 140 integer (140 binary)

Explored 0 nodes (0 simplex iterations) in 0.00 seconds
Thread count was 24 (of 24 available processors)

Optimal solution found (tolerance 1.00e-04)
Best objective 0.000000000000e+00, best bound 0.000000000000e+00, gap 0.0%

Gurobi 5.6.3 (linux64) logging started Mon Jul 29 23:40:59 2019

Optimize a model with 144 rows, 181 columns and 543 nonzeros
Found heuristic solution: objective 0
Presolve removed 30 rows and 27 columns
Presolve time: 0.00s
Presolved: 114 rows, 154 columns, 500 nonzeros
Variable types: 0 continuous, 154 integer (154 binary)

Explored 0 nodes (0 simplex iterations) in 0.00 seconds
Thread count was 24 (of 24 available processors)

Optimal solution found (tolerance 1.00e-04)
Best objective 0.000000000000e+00, best bound 0.000000000000e+00, gap 0.0%

Gurobi 5.6.3 (linux64) logging started Tue Jul 30 19:20:33 2019

Optimize a model with 144 rows, 181 columns and 543 nonzeros
Found heuristic solution: objective 0
Presolve removed 30 rows and 27 columns
Presolve time: 0.00s
Presolved: 114 rows, 154 columns, 500 nonzeros
Variable types: 0 continuous, 154 integer (154 binary)

Explored 0 nodes (0 simplex iterations) in 0.01 seconds
Thread count was 24 (of 24 available processors)

Optimal solution found (tolerance 1.00e-04)
Best objective 0.000000000000e+00, best bound 0.000000000000e+00, gap 0.0%

Gurobi 5.6.3 (linux64) logging started Tue Jul 30 21:14:04 2019


Gurobi 5.6.3 (linux64) logging started Tue Jul 30 21:17:14 2019


Gurobi 5.6.3 (linux64) logging started Tue Jul 30 21:19:01 2019

Optimize a model with 206 rows, 181 columns and 724 nonzeros
Presolve removed 34 rows and 42 columns
Presolve time: 0.00s

Explored 0 nodes (0 simplex iterations) in 0.00 seconds
Thread count was 1 (of 24 available processors)

Model is infeasible
Best objective -, best bound -, gap -

Gurobi 5.6.3 (linux64) logging started Tue Jul 30 21:22:01 2019

Optimize a model with 206 rows, 181 columns and 724 nonzeros
Presolve removed 34 rows and 42 columns
Presolve time: 0.00s

Explored 0 nodes (0 simplex iterations) in 0.00 seconds
Thread count was 1 (of 24 available processors)

Model is infeasible
Best objective -, best bound -, gap -

Gurobi 5.6.3 (linux64) logging started Tue Jul 30 23:21:26 2019

Optimize a model with 144 rows, 181 columns and 543 nonzeros
Found heuristic solution: objective 0
Presolve removed 30 rows and 27 columns
Presolve time: 0.00s
Presolved: 114 rows, 154 columns, 500 nonzeros
Variable types: 0 continuous, 154 integer (154 binary)

Explored 0 nodes (0 simplex iterations) in 0.01 seconds
Thread count was 24 (of 24 available processors)

Optimal solution found (tolerance 1.00e-04)
Best objective 0.000000000000e+00, best bound 0.000000000000e+00, gap 0.0%

Gurobi 5.6.3 (linux64) logging started Wed Jul 31 19:50:28 2019

Optimize a model with 206 rows, 181 columns and 724 nonzeros
Presolve removed 34 rows and 42 columns
Presolve time: 0.00s

Explored 0 nodes (0 simplex iterations) in 0.00 seconds
Thread count was 1 (of 24 available processors)

Model is infeasible
Best objective -, best bound -, gap -

Gurobi 5.6.3 (linux64) logging started Wed Jul 31 19:52:28 2019

Optimize a model with 206 rows, 181 columns and 724 nonzeros
Presolve removed 34 rows and 42 columns
Presolve time: 0.00s

Explored 0 nodes (0 simplex iterations) in 0.00 seconds
Thread count was 1 (of 24 available processors)

Model is infeasible
Best objective -, best bound -, gap -

Gurobi 5.6.3 (linux64) logging started Wed Jul 31 19:54:34 2019

Optimize a model with 206 rows, 181 columns and 724 nonzeros
Presolve removed 34 rows and 42 columns
Presolve time: 0.00s

Explored 0 nodes (0 simplex iterations) in 0.00 seconds
Thread count was 1 (of 24 available processors)

Model is infeasible
Best objective -, best bound -, gap -

Gurobi 5.6.3 (linux64) logging started Wed Jul 31 20:05:00 2019

Optimize a model with 206 rows, 181 columns and 724 nonzeros
Presolve removed 34 rows and 42 columns
Presolve time: 0.00s

Explored 0 nodes (0 simplex iterations) in 0.00 seconds
Thread count was 1 (of 24 available processors)

Model is infeasible
Best objective -, best bound -, gap -

Gurobi 5.6.3 (linux64) logging started Wed Jul 31 20:05:35 2019

Optimize a model with 192 rows, 160 columns and 640 nonzeros
Presolve removed 192 rows and 160 columns
Presolve time: 0.00s

Explored 0 nodes (0 simplex iterations) in 0.00 seconds
Thread count was 1 (of 24 available processors)

Optimal solution found (tolerance 1.00e-04)
Best objective 0.000000000000e+00, best bound 0.000000000000e+00, gap 0.0%

Gurobi 5.6.3 (linux64) logging started Wed Jul 31 20:07:15 2019

Optimize a model with 206 rows, 181 columns and 724 nonzeros
Presolve removed 34 rows and 42 columns
Presolve time: 0.00s

Explored 0 nodes (0 simplex iterations) in 0.00 seconds
Thread count was 1 (of 24 available processors)

Model is infeasible
Best objective -, best bound -, gap -

Gurobi 5.6.3 (linux64) logging started Wed Jul 31 20:07:36 2019

Optimize a model with 192 rows, 160 columns and 640 nonzeros
Presolve removed 192 rows and 160 columns
Presolve time: 0.00s

Explored 0 nodes (0 simplex iterations) in 0.00 seconds
Thread count was 1 (of 24 available processors)

Optimal solution found (tolerance 1.00e-04)
Best objective 0.000000000000e+00, best bound 0.000000000000e+00, gap 0.0%

Gurobi 5.6.3 (linux64) logging started Wed Jul 31 20:25:43 2019

Optimize a model with 192 rows, 160 columns and 640 nonzeros
Presolve removed 192 rows and 160 columns
Presolve time: 0.00s

Explored 0 nodes (0 simplex iterations) in 0.00 seconds
Thread count was 1 (of 24 available processors)

Optimal solution found (tolerance 1.00e-04)
Best objective 0.000000000000e+00, best bound 0.000000000000e+00, gap 0.0%

Gurobi 5.6.3 (linux64) logging started Wed Jul 31 21:03:20 2019

Optimize a model with 192 rows, 160 columns and 640 nonzeros
Presolve removed 192 rows and 160 columns
Presolve time: 0.00s

Explored 0 nodes (0 simplex iterations) in 0.00 seconds
Thread count was 1 (of 24 available processors)

Optimal solution found (tolerance 1.00e-04)
Best objective 0.000000000000e+00, best bound 0.000000000000e+00, gap 0.0%

Gurobi 5.6.3 (linux64) logging started Wed Jul 31 21:03:46 2019

Optimize a model with 192 rows, 160 columns and 640 nonzeros
Presolve removed 192 rows and 160 columns
Presolve time: 0.00s

Explored 0 nodes (0 simplex iterations) in 0.00 seconds
Thread count was 1 (of 24 available processors)

Optimal solution found (tolerance 1.00e-04)
Best objective 0.000000000000e+00, best bound 0.000000000000e+00, gap 0.0%

Gurobi 5.6.3 (linux64) logging started Wed Jul 31 21:03:48 2019

Optimize a model with 192 rows, 160 columns and 640 nonzeros
Presolve removed 192 rows and 160 columns
Presolve time: 0.00s

Explored 0 nodes (0 simplex iterations) in 0.00 seconds
Thread count was 1 (of 24 available processors)

Optimal solution found (tolerance 1.00e-04)
Best objective 0.000000000000e+00, best bound 0.000000000000e+00, gap 0.0%

Gurobi 5.6.3 (linux64) logging started Wed Jul 31 21:03:50 2019

Optimize a model with 192 rows, 160 columns and 640 nonzeros
Presolve removed 192 rows and 160 columns
Presolve time: 0.00s

Explored 0 nodes (0 simplex iterations) in 0.00 seconds
Thread count was 1 (of 24 available processors)

Optimal solution found (tolerance 1.00e-04)
Best objective 0.000000000000e+00, best bound 0.000000000000e+00, gap 0.0%

Gurobi 5.6.3 (linux64) logging started Wed Jul 31 21:08:15 2019

Optimize a model with 192 rows, 160 columns and 640 nonzeros
Presolve removed 192 rows and 160 columns
Presolve time: 0.00s

Explored 0 nodes (0 simplex iterations) in 0.00 seconds
Thread count was 1 (of 24 available processors)

Optimal solution found (tolerance 1.00e-04)
Best objective 0.000000000000e+00, best bound 0.000000000000e+00, gap 0.0%

Gurobi 5.6.3 (linux64) logging started Wed Jul 31 21:27:52 2019

Optimize a model with 192 rows, 160 columns and 640 nonzeros
Presolve removed 192 rows and 160 columns
Presolve time: 0.00s

Explored 0 nodes (0 simplex iterations) in 0.00 seconds
Thread count was 1 (of 24 available processors)

Optimal solution found (tolerance 1.00e-04)
Best objective 0.000000000000e+00, best bound 0.000000000000e+00, gap 0.0%

Gurobi 5.6.3 (linux64) logging started Wed Jul 31 21:32:14 2019


Gurobi 5.6.3 (linux64) logging started Wed Jul 31 21:33:28 2019


Gurobi 5.6.3 (linux64) logging started Wed Jul 31 21:39:00 2019


Gurobi 5.6.3 (linux64) logging started Sat Aug 10 16:26:56 2019


Gurobi 5.6.3 (linux64) logging started Sun Aug 11 09:48:50 2019


Gurobi 5.6.3 (linux64) logging started Sun Aug 11 09:53:57 2019


Gurobi 5.6.3 (linux64) logging started Sun Aug 11 09:55:05 2019


Gurobi 5.6.3 (linux64) logging started Sun Aug 11 09:57:01 2019


Gurobi 5.6.3 (linux64) logging started Tue Aug 13 08:38:07 2019


Gurobi 5.6.3 (linux64) logging started Tue Aug 13 08:40:59 2019


Gurobi 5.6.3 (linux64) logging started Tue Aug 13 08:41:36 2019


Gurobi 5.6.3 (linux64) logging started Tue Aug 13 08:47:12 2019


Gurobi 5.6.3 (linux64) logging started Tue Aug 13 15:30:17 2019


Gurobi 5.6.3 (linux64) logging started Tue Aug 13 15:33:16 2019


Gurobi 5.6.3 (linux64) logging started Tue Aug 13 18:48:08 2019


Gurobi 5.6.3 (linux64) logging started Tue Aug 13 18:53:50 2019


Gurobi 5.6.3 (linux64) logging started Tue Aug 13 18:58:04 2019


Gurobi 5.6.3 (linux64) logging started Tue Aug 13 19:04:52 2019


Gurobi 5.6.3 (linux64) logging started Tue Aug 13 19:07:05 2019


Gurobi 5.6.3 (linux64) logging started Tue Aug 13 19:07:32 2019


Gurobi 5.6.3 (linux64) logging started Tue Aug 13 19:11:56 2019


Gurobi 5.6.3 (linux64) logging started Tue Aug 13 19:13:04 2019


Gurobi 5.6.3 (linux64) logging started Tue Aug 13 19:15:23 2019


Gurobi 5.6.3 (linux64) logging started Tue Aug 13 19:23:35 2019


Gurobi 5.6.3 (linux64) logging started Tue Aug 13 19:24:52 2019


Gurobi 5.6.3 (linux64) logging started Wed Aug 14 09:04:56 2019


Gurobi 5.6.3 (linux64) logging started Thu Sep 12 20:15:53 2019


Gurobi 5.6.3 (linux64) logging started Thu Sep 12 20:17:54 2019


Gurobi 5.6.3 (linux64) logging started Thu Sep 12 20:19:05 2019


Gurobi 5.6.3 (linux64) logging started Thu Sep 12 22:17:01 2019


Gurobi 5.6.3 (linux64) logging started Thu Sep 12 22:32:05 2019


Gurobi 5.6.3 (linux64) logging started Thu Sep 12 22:32:48 2019

